<?xml version="1.0" encoding="UTF-8"?>
<!-- Generated by org.testng.reporters.JUnitReportReporter -->
<testsuite hostname="DESKTOP-LDUGJ29" failures="0" tests="1" name="test.LoginTest" time="5.105" errors="0" timestamp="2022-08-31T17:31:45 CDT" skipped="0">
  <testcase classname="test.LoginTest" name="validUserShouldBeAbleToLogin" time="5.105"/>
  <system-out/>
</testsuite> <!-- test.LoginTest -->
